<?xml version="1.0" encoding="UTF-8"?>
<testsuite xmlns:xsi="http://www.w3.org/2001/XMLSchema-instance" xsi:noNamespaceSchemaLocation="https://maven.apache.org/surefire/maven-surefire-plugin/xsd/surefire-test-report-3.0.xsd" version="3.0" name="com.shortdrama.service.NovelServiceTest" time="0.059" tests="10" errors="0" skipped="0" failures="0">
  <properties>
[...]
</properties>
  <testcase name="findByUserId_withPageable_shouldReturnPagedNovels" classname="com.shortdrama.service.NovelServiceTest" time="0.045"/>
  <testcase name="updateNovel_shouldThrowResourceNotFoundException" classname="com.shortdrama.service.NovelServiceTest" time="0.003"/>
  <testcase name="updateStatus_shouldReturnNovelWithUpdatedStatus" classname="com.shortdrama.service.NovelServiceTest" time="0.001"/>
  <testcase name="createNovel_shouldReturnSavedNovel" classname="com.shortdrama.service.NovelServiceTest" time="0.001"/>
  <testcase name="updateNovel_shouldReturnUpdatedNovel" classname="com.shortdrama.service.NovelServiceTest" time="0.001"/>
  <testcase name="findById_shouldReturnEmptyOptional" classname="com.shortdrama.service.NovelServiceTest" time="0.001"/>
  <testcase name="findById_shouldReturnNovel" classname="com.shortdrama.service.NovelServiceTest" time="0.001"/>
  <testcase name="deleteNovel_shouldThrowResourceNotFoundException" classname="com.shortdrama.service.NovelServiceTest" time="0.001"/>
  <testcase name="deleteNovel_shouldDeleteNovel" classname="com.shortdrama.service.NovelServiceTest" time="0.002"/>
  <testcase name="countByUserId_shouldReturnCount" classname="com.shortdrama.service.NovelServiceTest" time="0.0"/>
</testsuite>