<?xml version="1.0" encoding="UTF-8"?>
<testsuite xmlns:xsi="http://www.w3.org/2001/XMLSchema-instance" xsi:noNamespaceSchemaLocation="https://maven.apache.org/surefire/maven-surefire-plugin/xsd/surefire-test-report-3.0.xsd" version="3.0" name="com.shortdrama.repository.EpisodeRepositoryTest" time="2.729" tests="7" errors="0" skipped="0" failures="0">
  <properties>
[...]
</properties>
  <testcase name="countByProjectAndStatus_returnsCorrectCount" classname="com.shortdrama.repository.EpisodeRepositoryTest" time="0.401">
    <system-out><![CDATA[23:02:17.796 [main] INFO org.springframework.test.context.support.AnnotationConfigContextLoaderUtils -- Could not detect default configuration classes for test class [com.shortdrama.repository.EpisodeRepositoryTest]: EpisodeRepositoryTest does not declare any static, non-private, non-final, nested classes annotated with @Configuration.
23:02:17.868 [main] INFO org.springframework.boot.test.context.SpringBootTestContextBootstrapper -- Found @SpringBootConfiguration com.shortdrama.Application for test class com.shortdrama.repository.EpisodeRepositoryTest

  .   ____          _            __ _ _
 /\\ / ___'_ __ _ _(_)_ __  __ _ \ \ \ \
( ( )\___ | '_ | '_| | '_ \/ _` | \ \ \ \
 \\/  ___)| |_)| | | | | || (_| |  ) ) ) )
  '  |____| .__|_| |_|_| |_\__, | / / / /
 =========|_|==============|___/=/_/_/_/
 :: Spring Boot ::                (v3.2.0)

2026-04-26 23:02:18 [main] INFO  c.s.repository.EpisodeRepositoryTest - Starting EpisodeRepositoryTest using Java 17.0.19 with PID 76648 (started by hujiayi in /Users/hujiayi/Documents/short-drama-generator/backend)
2026-04-26 23:02:18 [main] DEBUG c.s.repository.EpisodeRepositoryTest - Running with Spring Boot v3.2.0, Spring v6.1.1
2026-04-26 23:02:18 [main] INFO  c.s.repository.EpisodeRepositoryTest - The following 1 profile is active: "dev"
2026-04-26 23:02:18 [main] INFO  o.s.d.r.c.RepositoryConfigurationDelegate - Multiple Spring Data modules found, entering strict repository configuration mode
2026-04-26 23:02:18 [main] INFO  o.s.d.r.c.RepositoryConfigurationDelegate - Bootstrapping Spring Data JPA repositories in DEFAULT mode.
2026-04-26 23:02:18 [main] INFO  o.s.d.r.c.RepositoryConfigurationDelegate - Finished Spring Data repository scanning in 92 ms. Found 6 JPA repository interfaces.
2026-04-26 23:02:18 [main] INFO  o.s.b.t.a.j.TestDatabaseAutoConfiguration$EmbeddedDataSourceBeanFactoryPostProcessor - Replacing 'dataSource' DataSource bean with embedded version
2026-04-26 23:02:18 [main] INFO  o.s.j.d.e.EmbeddedDatabaseFactory - Starting embedded database: url='jdbc:h2:mem:fb4ed191-fc51-4dc9-ac3a-1f158ce8ef0b;DB_CLOSE_DELAY=-1;DB_CLOSE_ON_EXIT=false', username='sa'
2026-04-26 23:02:18 [main] INFO  o.h.jpa.internal.util.LogHelper - HHH000204: Processing PersistenceUnitInfo [name: default]
2026-04-26 23:02:18 [main] INFO  org.hibernate.Version - HHH000412: Hibernate ORM core version 6.3.1.Final
2026-04-26 23:02:18 [main] INFO  o.h.c.i.RegionFactoryInitiator - HHH000026: Second-level cache disabled
2026-04-26 23:02:18 [main] INFO  o.s.o.j.p.SpringPersistenceUnitInfo - No LoadTimeWeaver setup: ignoring JPA class transformer
2026-04-26 23:02:18 [main] WARN  org.hibernate.orm.deprecation - HHH90000025: H2Dialect does not need to be specified explicitly using 'hibernate.dialect' (remove the property setting and it will be selected by default)
2026-04-26 23:02:19 [main] INFO  o.h.e.t.j.p.i.JtaPlatformInitiator - HHH000489: No JTA platform available (set 'hibernate.transaction.jta.platform' to enable JTA platform integration)
2026-04-26 23:02:19 [main] DEBUG org.hibernate.SQL - 
    drop table if exists chapters cascade 
Hibernate: 
    drop table if exists chapters cascade 
2026-04-26 23:02:19 [main] DEBUG org.hibernate.SQL - 
    drop table if exists characters cascade 
Hibernate: 
    drop table if exists characters cascade 
2026-04-26 23:02:19 [main] DEBUG org.hibernate.SQL - 
    drop table if exists episodes cascade 
Hibernate: 
    drop table if exists episodes cascade 
2026-04-26 23:02:19 [main] DEBUG org.hibernate.SQL - 
    drop table if exists novels cascade 
Hibernate: 
    drop table if exists novels cascade 
2026-04-26 23:02:19 [main] DEBUG org.hibernate.SQL - 
    drop table if exists projects cascade 
Hibernate: 
    drop table if exists projects cascade 
2026-04-26 23:02:19 [main] DEBUG org.hibernate.SQL - 
    drop table if exists users cascade 
Hibernate: 
    drop table if exists users cascade 
2026-04-26 23:02:19 [main] DEBUG org.hibernate.SQL - 
    create table chapters (
        chapter_number integer not null,
        end_position integer,
        start_position integer,
        word_count integer not null,
        created_at timestamp(6) not null,
        updated_at timestamp(6) not null,
        episode_id uuid,
        id uuid not null,
        novel_id uuid not null,
        content TEXT,
        title varchar(255),
        primary key (id)
    )
Hibernate: 
    create table chapters (
        chapter_number integer not null,
        end_position integer,
        start_position integer,
        word_count integer not null,
        created_at timestamp(6) not null,
        updated_at timestamp(6) not null,
        episode_id uuid,
        id uuid not null,
        novel_id uuid not null,
        content TEXT,
        title varchar(255),
        primary key (id)
    )
2026-04-26 23:02:19 [main] DEBUG org.hibernate.SQL - 
    create table characters (
        created_at timestamp(6) not null,
        updated_at timestamp(6) not null,
        id uuid not null,
        novel_id uuid not null,
        status varchar(20) not null check (status in ('ACTIVE','INACTIVE')),
        gender varchar(50),
        appearance varchar(100),
        name varchar(100) not null,
        personality varchar(100),
        description varchar(500),
        reference_image_url varchar(500),
        primary key (id)
    )
Hibernate: 
    create table characters (
        created_at timestamp(6) not null,
        updated_at timestamp(6) not null,
        id uuid not null,
        novel_id uuid not null,
        status varchar(20) not null check (status in ('ACTIVE','INACTIVE')),
        gender varchar(50),
        appearance varchar(100),
        name varchar(100) not null,
        personality varchar(100),
        description varchar(500),
        reference_image_url varchar(500),
        primary key (id)
    )
2026-04-26 23:02:19 [main] DEBUG org.hibernate.SQL - 
    create table episodes (
        duration integer,
        episode_number integer not null,
        word_count integer,
        completed_at timestamp(6),
        created_at timestamp(6) not null,
        updated_at timestamp(6) not null,
        chapter_id uuid,
        id uuid not null,
        project_id uuid not null,
        status varchar(20) not null check (status in ('PENDING','GENERATING_SCRIPT','GENERATING_SCENES','GENERATING_AUDIO','RENDERING_VIDEO','COMPLETED','FAILED')),
        audio_url varchar(500),
        video_url varchar(500),
        description varchar(1000),
        script_content TEXT,
        title varchar(255),
        primary key (id)
    )
Hibernate: 
    create table episodes (
        duration integer,
        episode_number integer not null,
        word_count integer,
        completed_at timestamp(6),
        created_at timestamp(6) not null,
        updated_at timestamp(6) not null,
        chapter_id uuid,
        id uuid not null,
        project_id uuid not null,
        status varchar(20) not null check (status in ('PENDING','GENERATING_SCRIPT','GENERATING_SCENES','GENERATING_AUDIO','RENDERING_VIDEO','COMPLETED','FAILED')),
        audio_url varchar(500),
        video_url varchar(500),
        description varchar(1000),
        script_content TEXT,
        title varchar(255),
        primary key (id)
    )
2026-04-26 23:02:19 [main] DEBUG org.hibernate.SQL - 
    create table novels (
        total_chapters integer,
        total_words integer,
        created_at timestamp(6) not null,
        file_size bigint not null,
        updated_at timestamp(6) not null,
        id uuid not null,
        user_id uuid not null,
        status varchar(20) not null check (status in ('UPLOADED','PARSING','PARSED','PROCESSING','COMPLETED')),
        encoding varchar(50),
        author varchar(100),
        description varchar(500),
        file_path varchar(500),
        title varchar(255) not null,
        metadata json,
        primary key (id)
    )
Hibernate: 
    create table novels (
        total_chapters integer,
        total_words integer,
        created_at timestamp(6) not null,
        file_size bigint not null,
        updated_at timestamp(6) not null,
        id uuid not null,
        user_id uuid not null,
        status varchar(20) not null check (status in ('UPLOADED','PARSING','PARSED','PROCESSING','COMPLETED')),
        encoding varchar(50),
        author varchar(100),
        description varchar(500),
        file_path varchar(500),
        title varchar(255) not null,
        metadata json,
        primary key (id)
    )
2026-04-26 23:02:19 [main] DEBUG org.hibernate.SQL - 
    create table projects (
        target_duration integer,
        target_episode_count integer,
        created_at timestamp(6) not null,
        updated_at timestamp(6) not null,
        id uuid not null,
        novel_id uuid not null,
        user_id uuid not null,
        status varchar(20) not null check (status in ('DRAFT','IN_PROGRESS','COMPLETED','ARCHIVED')),
        type varchar(20) not null check (type in ('SINGLE_EPISODE','MULTI_EPISODE','SERIES')),
        description varchar(1000),
        name varchar(255) not null,
        primary key (id)
    )
Hibernate: 
    create table projects (
        target_duration integer,
        target_episode_count integer,
        created_at timestamp(6) not null,
        updated_at timestamp(6) not null,
        id uuid not null,
        novel_id uuid not null,
        user_id uuid not null,
        status varchar(20) not null check (status in ('DRAFT','IN_PROGRESS','COMPLETED','ARCHIVED')),
        type varchar(20) not null check (type in ('SINGLE_EPISODE','MULTI_EPISODE','SERIES')),
        description varchar(1000),
        name varchar(255) not null,
        primary key (id)
    )
2026-04-26 23:02:19 [main] DEBUG org.hibernate.SQL - 
    create table users (
        created_at timestamp(6) not null,
        last_login_at timestamp(6),
        updated_at timestamp(6) not null,
        id uuid not null,
        role varchar(20) not null check (role in ('USER','ADMIN')),
        status varchar(20) not null check (status in ('ACTIVE','INACTIVE','SUSPENDED')),
        display_name varchar(100),
        username varchar(100) not null unique,
        email varchar(255) not null unique,
        password_hash varchar(255) not null,
        primary key (id)
    )
Hibernate: 
    create table users (
        created_at timestamp(6) not null,
        last_login_at timestamp(6),
        updated_at timestamp(6) not null,
        id uuid not null,
        role varchar(20) not null check (role in ('USER','ADMIN')),
        status varchar(20) not null check (status in ('ACTIVE','INACTIVE','SUSPENDED')),
        display_name varchar(100),
        username varchar(100) not null unique,
        email varchar(255) not null unique,
        password_hash varchar(255) not null,
        primary key (id)
    )
2026-04-26 23:02:19 [main] DEBUG org.hibernate.SQL - 
    alter table if exists chapters 
       add constraint FK35xea70mmrny4ln5ojnrvaen 
       foreign key (episode_id) 
       references episodes
Hibernate: 
    alter table if exists chapters 
       add constraint FK35xea70mmrny4ln5ojnrvaen 
       foreign key (episode_id) 
       references episodes
2026-04-26 23:02:19 [main] DEBUG org.hibernate.SQL - 
    alter table if exists chapters 
       add constraint FKanysm40cghwg2hv1nufl2wdx8 
       foreign key (novel_id) 
       references novels
Hibernate: 
    alter table if exists chapters 
       add constraint FKanysm40cghwg2hv1nufl2wdx8 
       foreign key (novel_id) 
       references novels
2026-04-26 23:02:19 [main] DEBUG org.hibernate.SQL - 
    alter table if exists characters 
       add constraint FKe19fca81cu864l3a0apeb5gg9 
       foreign key (novel_id) 
       references novels
Hibernate: 
    alter table if exists characters 
       add constraint FKe19fca81cu864l3a0apeb5gg9 
       foreign key (novel_id) 
       references novels
2026-04-26 23:02:19 [main] DEBUG org.hibernate.SQL - 
    alter table if exists episodes 
       add constraint FKl4ip9e7norii9w4poqjbg520m 
       foreign key (chapter_id) 
       references chapters
Hibernate: 
    alter table if exists episodes 
       add constraint FKl4ip9e7norii9w4poqjbg520m 
       foreign key (chapter_id) 
       references chapters
2026-04-26 23:02:19 [main] DEBUG org.hibernate.SQL - 
    alter table if exists episodes 
       add constraint FKa7qh9592ok55ipg0q5wingh57 
       foreign key (project_id) 
       references projects
Hibernate: 
    alter table if exists episodes 
       add constraint FKa7qh9592ok55ipg0q5wingh57 
       foreign key (project_id) 
       references projects
2026-04-26 23:02:19 [main] DEBUG org.hibernate.SQL - 
    alter table if exists novels 
       add constraint FKmblnhdsfw0mip0bfe29yqh52g 
       foreign key (user_id) 
       references users
Hibernate: 
    alter table if exists novels 
       add constraint FKmblnhdsfw0mip0bfe29yqh52g 
       foreign key (user_id) 
       references users
2026-04-26 23:02:19 [main] DEBUG org.hibernate.SQL - 
    alter table if exists projects 
       add constraint FKacbed94y6xl7njjprhoj81u5a 
       foreign key (novel_id) 
       references novels
Hibernate: 
    alter table if exists projects 
       add constraint FKacbed94y6xl7njjprhoj81u5a 
       foreign key (novel_id) 
       references novels
2026-04-26 23:02:19 [main] DEBUG org.hibernate.SQL - 
    alter table if exists projects 
       add constraint FKhswfwa3ga88vxv1pmboss6jhm 
       foreign key (user_id) 
       references users
Hibernate: 
    alter table if exists projects 
       add constraint FKhswfwa3ga88vxv1pmboss6jhm 
       foreign key (user_id) 
       references users
2026-04-26 23:02:19 [main] INFO  o.s.o.j.LocalContainerEntityManagerFactoryBean - Initialized JPA EntityManagerFactory for persistence unit 'default'
2026-04-26 23:02:19 [main] INFO  o.s.d.j.r.query.QueryEnhancerFactory - Hibernate is in classpath; If applicable, HQL parser will be used.
2026-04-26 23:02:19 [main] INFO  c.s.repository.EpisodeRepositoryTest - Started EpisodeRepositoryTest in 2.047 seconds (process running for 7.655)
2026-04-26 23:02:20 [main] DEBUG org.hibernate.SQL - 
    insert 
    into
        users
        (created_at, display_name, email, last_login_at, password_hash, role, status, updated_at, username, id) 
    values
        (?, ?, ?, ?, ?, ?, ?, ?, ?, ?)
Hibernate: 
    insert 
    into
        users
        (created_at, display_name, email, last_login_at, password_hash, role, status, updated_at, username, id) 
    values
        (?, ?, ?, ?, ?, ?, ?, ?, ?, ?)
2026-04-26 23:02:20 [main] DEBUG org.hibernate.SQL - 
    insert 
    into
        novels
        (author, created_at, description, encoding, file_path, file_size, metadata, status, title, total_chapters, total_words, updated_at, user_id, id) 
    values
        (?, ?, ?, ?, ?, ?, ? format json, ?, ?, ?, ?, ?, ?, ?)
Hibernate: 
    insert 
    into
        novels
        (author, created_at, description, encoding, file_path, file_size, metadata, status, title, total_chapters, total_words, updated_at, user_id, id) 
    values
        (?, ?, ?, ?, ?, ?, ? format json, ?, ?, ?, ?, ?, ?, ?)
2026-04-26 23:02:20 [main] DEBUG org.hibernate.SQL - 
    insert 
    into
        projects
        (created_at, description, name, novel_id, status, target_duration, target_episode_count, type, updated_at, user_id, id) 
    values
        (?, ?, ?, ?, ?, ?, ?, ?, ?, ?, ?)
Hibernate: 
    insert 
    into
        projects
        (created_at, description, name, novel_id, status, target_duration, target_episode_count, type, updated_at, user_id, id) 
    values
        (?, ?, ?, ?, ?, ?, ?, ?, ?, ?, ?)
2026-04-26 23:02:20 [main] DEBUG org.hibernate.SQL - 
    insert 
    into
        chapters
        (chapter_number, content, created_at, end_position, episode_id, novel_id, start_position, title, updated_at, word_count, id) 
    values
        (?, ?, ?, ?, ?, ?, ?, ?, ?, ?, ?)
Hibernate: 
    insert 
    into
        chapters
        (chapter_number, content, created_at, end_position, episode_id, novel_id, start_position, title, updated_at, word_count, id) 
    values
        (?, ?, ?, ?, ?, ?, ?, ?, ?, ?, ?)
2026-04-26 23:02:20 [main] DEBUG org.hibernate.SQL - 
    insert 
    into
        episodes
        (audio_url, chapter_id, completed_at, created_at, description, duration, episode_number, project_id, script_content, status, title, updated_at, video_url, word_count, id) 
    values
        (?, ?, ?, ?, ?, ?, ?, ?, ?, ?, ?, ?, ?, ?, ?)
Hibernate: 
    insert 
    into
        episodes
        (audio_url, chapter_id, completed_at, created_at, description, duration, episode_number, project_id, script_content, status, title, updated_at, video_url, word_count, id) 
    values
        (?, ?, ?, ?, ?, ?, ?, ?, ?, ?, ?, ?, ?, ?, ?)
2026-04-26 23:02:20 [main] DEBUG org.hibernate.SQL - 
    select
        count(e1_0.id) 
    from
        episodes e1_0 
    where
        e1_0.project_id=? 
        and e1_0.status=?
Hibernate: 
    select
        count(e1_0.id) 
    from
        episodes e1_0 
    where
        e1_0.project_id=? 
        and e1_0.status=?
]]></system-out>
  </testcase>
  <testcase name="findByProjectAndEpisodeNumber_returnsEpisode" classname="com.shortdrama.repository.EpisodeRepositoryTest" time="0.015">
    <system-out><![CDATA[2026-04-26 23:02:20 [main] DEBUG org.hibernate.SQL - 
    insert 
    into
        users
        (created_at, display_name, email, last_login_at, password_hash, role, status, updated_at, username, id) 
    values
        (?, ?, ?, ?, ?, ?, ?, ?, ?, ?)
Hibernate: 
    insert 
    into
        users
        (created_at, display_name, email, last_login_at, password_hash, role, status, updated_at, username, id) 
    values
        (?, ?, ?, ?, ?, ?, ?, ?, ?, ?)
2026-04-26 23:02:20 [main] DEBUG org.hibernate.SQL - 
    insert 
    into
        novels
        (author, created_at, description, encoding, file_path, file_size, metadata, status, title, total_chapters, total_words, updated_at, user_id, id) 
    values
        (?, ?, ?, ?, ?, ?, ? format json, ?, ?, ?, ?, ?, ?, ?)
Hibernate: 
    insert 
    into
        novels
        (author, created_at, description, encoding, file_path, file_size, metadata, status, title, total_chapters, total_words, updated_at, user_id, id) 
    values
        (?, ?, ?, ?, ?, ?, ? format json, ?, ?, ?, ?, ?, ?, ?)
2026-04-26 23:02:20 [main] DEBUG org.hibernate.SQL - 
    insert 
    into
        projects
        (created_at, description, name, novel_id, status, target_duration, target_episode_count, type, updated_at, user_id, id) 
    values
        (?, ?, ?, ?, ?, ?, ?, ?, ?, ?, ?)
Hibernate: 
    insert 
    into
        projects
        (created_at, description, name, novel_id, status, target_duration, target_episode_count, type, updated_at, user_id, id) 
    values
        (?, ?, ?, ?, ?, ?, ?, ?, ?, ?, ?)
2026-04-26 23:02:20 [main] DEBUG org.hibernate.SQL - 
    insert 
    into
        chapters
        (chapter_number, content, created_at, end_position, episode_id, novel_id, start_position, title, updated_at, word_count, id) 
    values
        (?, ?, ?, ?, ?, ?, ?, ?, ?, ?, ?)
Hibernate: 
    insert 
    into
        chapters
        (chapter_number, content, created_at, end_position, episode_id, novel_id, start_position, title, updated_at, word_count, id) 
    values
        (?, ?, ?, ?, ?, ?, ?, ?, ?, ?, ?)
2026-04-26 23:02:20 [main] DEBUG org.hibernate.SQL - 
    insert 
    into
        episodes
        (audio_url, chapter_id, completed_at, created_at, description, duration, episode_number, project_id, script_content, status, title, updated_at, video_url, word_count, id) 
    values
        (?, ?, ?, ?, ?, ?, ?, ?, ?, ?, ?, ?, ?, ?, ?)
Hibernate: 
    insert 
    into
        episodes
        (audio_url, chapter_id, completed_at, created_at, description, duration, episode_number, project_id, script_content, status, title, updated_at, video_url, word_count, id) 
    values
        (?, ?, ?, ?, ?, ?, ?, ?, ?, ?, ?, ?, ?, ?, ?)
2026-04-26 23:02:20 [main] DEBUG org.hibernate.SQL - 
    select
        e1_0.id,
        e1_0.audio_url,
        e1_0.chapter_id,
        e1_0.completed_at,
        e1_0.created_at,
        e1_0.description,
        e1_0.duration,
        e1_0.episode_number,
        e1_0.project_id,
        e1_0.script_content,
        e1_0.status,
        e1_0.title,
        e1_0.updated_at,
        e1_0.video_url,
        e1_0.word_count 
    from
        episodes e1_0 
    where
        e1_0.project_id=? 
        and e1_0.episode_number=?
Hibernate: 
    select
        e1_0.id,
        e1_0.audio_url,
        e1_0.chapter_id,
        e1_0.completed_at,
        e1_0.created_at,
        e1_0.description,
        e1_0.duration,
        e1_0.episode_number,
        e1_0.project_id,
        e1_0.script_content,
        e1_0.status,
        e1_0.title,
        e1_0.updated_at,
        e1_0.video_url,
        e1_0.word_count 
    from
        episodes e1_0 
    where
        e1_0.project_id=? 
        and e1_0.episode_number=?
]]></system-out>
  </testcase>
  <testcase name="findByProjectOrderByEpisodeNumberAsc_returnsOrderedEpisodes" classname="com.shortdrama.repository.EpisodeRepositoryTest" time="0.013">
    <system-out><![CDATA[2026-04-26 23:02:20 [main] DEBUG org.hibernate.SQL - 
    insert 
    into
        users
        (created_at, display_name, email, last_login_at, password_hash, role, status, updated_at, username, id) 
    values
        (?, ?, ?, ?, ?, ?, ?, ?, ?, ?)
Hibernate: 
    insert 
    into
        users
        (created_at, display_name, email, last_login_at, password_hash, role, status, updated_at, username, id) 
    values
        (?, ?, ?, ?, ?, ?, ?, ?, ?, ?)
2026-04-26 23:02:20 [main] DEBUG org.hibernate.SQL - 
    insert 
    into
        novels
        (author, created_at, description, encoding, file_path, file_size, metadata, status, title, total_chapters, total_words, updated_at, user_id, id) 
    values
        (?, ?, ?, ?, ?, ?, ? format json, ?, ?, ?, ?, ?, ?, ?)
Hibernate: 
    insert 
    into
        novels
        (author, created_at, description, encoding, file_path, file_size, metadata, status, title, total_chapters, total_words, updated_at, user_id, id) 
    values
        (?, ?, ?, ?, ?, ?, ? format json, ?, ?, ?, ?, ?, ?, ?)
2026-04-26 23:02:20 [main] DEBUG org.hibernate.SQL - 
    insert 
    into
        projects
        (created_at, description, name, novel_id, status, target_duration, target_episode_count, type, updated_at, user_id, id) 
    values
        (?, ?, ?, ?, ?, ?, ?, ?, ?, ?, ?)
Hibernate: 
    insert 
    into
        projects
        (created_at, description, name, novel_id, status, target_duration, target_episode_count, type, updated_at, user_id, id) 
    values
        (?, ?, ?, ?, ?, ?, ?, ?, ?, ?, ?)
2026-04-26 23:02:20 [main] DEBUG org.hibernate.SQL - 
    insert 
    into
        chapters
        (chapter_number, content, created_at, end_position, episode_id, novel_id, start_position, title, updated_at, word_count, id) 
    values
        (?, ?, ?, ?, ?, ?, ?, ?, ?, ?, ?)
Hibernate: 
    insert 
    into
        chapters
        (chapter_number, content, created_at, end_position, episode_id, novel_id, start_position, title, updated_at, word_count, id) 
    values
        (?, ?, ?, ?, ?, ?, ?, ?, ?, ?, ?)
2026-04-26 23:02:20 [main] DEBUG org.hibernate.SQL - 
    insert 
    into
        episodes
        (audio_url, chapter_id, completed_at, created_at, description, duration, episode_number, project_id, script_content, status, title, updated_at, video_url, word_count, id) 
    values
        (?, ?, ?, ?, ?, ?, ?, ?, ?, ?, ?, ?, ?, ?, ?)
Hibernate: 
    insert 
    into
        episodes
        (audio_url, chapter_id, completed_at, created_at, description, duration, episode_number, project_id, script_content, status, title, updated_at, video_url, word_count, id) 
    values
        (?, ?, ?, ?, ?, ?, ?, ?, ?, ?, ?, ?, ?, ?, ?)
2026-04-26 23:02:20 [main] DEBUG org.hibernate.SQL - 
    insert 
    into
        episodes
        (audio_url, chapter_id, completed_at, created_at, description, duration, episode_number, project_id, script_content, status, title, updated_at, video_url, word_count, id) 
    values
        (?, ?, ?, ?, ?, ?, ?, ?, ?, ?, ?, ?, ?, ?, ?)
Hibernate: 
    insert 
    into
        episodes
        (audio_url, chapter_id, completed_at, created_at, description, duration, episode_number, project_id, script_content, status, title, updated_at, video_url, word_count, id) 
    values
        (?, ?, ?, ?, ?, ?, ?, ?, ?, ?, ?, ?, ?, ?, ?)
2026-04-26 23:02:20 [main] DEBUG org.hibernate.SQL - 
    select
        e1_0.id,
        e1_0.audio_url,
        e1_0.chapter_id,
        e1_0.completed_at,
        e1_0.created_at,
        e1_0.description,
        e1_0.duration,
        e1_0.episode_number,
        e1_0.project_id,
        e1_0.script_content,
        e1_0.status,
        e1_0.title,
        e1_0.updated_at,
        e1_0.video_url,
        e1_0.word_count 
    from
        episodes e1_0 
    where
        e1_0.project_id=? 
    order by
        e1_0.episode_number
Hibernate: 
    select
        e1_0.id,
        e1_0.audio_url,
        e1_0.chapter_id,
        e1_0.completed_at,
        e1_0.created_at,
        e1_0.description,
        e1_0.duration,
        e1_0.episode_number,
        e1_0.project_id,
        e1_0.script_content,
        e1_0.status,
        e1_0.title,
        e1_0.updated_at,
        e1_0.video_url,
        e1_0.word_count 
    from
        episodes e1_0 
    where
        e1_0.project_id=? 
    order by
        e1_0.episode_number
]]></system-out>
  </testcase>
  <testcase name="save_andFindById_returnsEpisode" classname="com.shortdrama.repository.EpisodeRepositoryTest" time="0.006"/>
  <testcase name="countByProject_returnsCorrectCount" classname="com.shortdrama.repository.EpisodeRepositoryTest" time="0.007">
    <system-out><![CDATA[2026-04-26 23:02:20 [main] DEBUG org.hibernate.SQL - 
    insert 
    into
        users
        (created_at, display_name, email, last_login_at, password_hash, role, status, updated_at, username, id) 
    values
        (?, ?, ?, ?, ?, ?, ?, ?, ?, ?)
Hibernate: 
    insert 
    into
        users
        (created_at, display_name, email, last_login_at, password_hash, role, status, updated_at, username, id) 
    values
        (?, ?, ?, ?, ?, ?, ?, ?, ?, ?)
2026-04-26 23:02:20 [main] DEBUG org.hibernate.SQL - 
    insert 
    into
        novels
        (author, created_at, description, encoding, file_path, file_size, metadata, status, title, total_chapters, total_words, updated_at, user_id, id) 
    values
        (?, ?, ?, ?, ?, ?, ? format json, ?, ?, ?, ?, ?, ?, ?)
Hibernate: 
    insert 
    into
        novels
        (author, created_at, description, encoding, file_path, file_size, metadata, status, title, total_chapters, total_words, updated_at, user_id, id) 
    values
        (?, ?, ?, ?, ?, ?, ? format json, ?, ?, ?, ?, ?, ?, ?)
2026-04-26 23:02:20 [main] DEBUG org.hibernate.SQL - 
    insert 
    into
        projects
        (created_at, description, name, novel_id, status, target_duration, target_episode_count, type, updated_at, user_id, id) 
    values
        (?, ?, ?, ?, ?, ?, ?, ?, ?, ?, ?)
Hibernate: 
    insert 
    into
        projects
        (created_at, description, name, novel_id, status, target_duration, target_episode_count, type, updated_at, user_id, id) 
    values
        (?, ?, ?, ?, ?, ?, ?, ?, ?, ?, ?)
2026-04-26 23:02:20 [main] DEBUG org.hibernate.SQL - 
    insert 
    into
        chapters
        (chapter_number, content, created_at, end_position, episode_id, novel_id, start_position, title, updated_at, word_count, id) 
    values
        (?, ?, ?, ?, ?, ?, ?, ?, ?, ?, ?)
Hibernate: 
    insert 
    into
        chapters
        (chapter_number, content, created_at, end_position, episode_id, novel_id, start_position, title, updated_at, word_count, id) 
    values
        (?, ?, ?, ?, ?, ?, ?, ?, ?, ?, ?)
2026-04-26 23:02:20 [main] DEBUG org.hibernate.SQL - 
    insert 
    into
        episodes
        (audio_url, chapter_id, completed_at, created_at, description, duration, episode_number, project_id, script_content, status, title, updated_at, video_url, word_count, id) 
    values
        (?, ?, ?, ?, ?, ?, ?, ?, ?, ?, ?, ?, ?, ?, ?)
Hibernate: 
    insert 
    into
        episodes
        (audio_url, chapter_id, completed_at, created_at, description, duration, episode_number, project_id, script_content, status, title, updated_at, video_url, word_count, id) 
    values
        (?, ?, ?, ?, ?, ?, ?, ?, ?, ?, ?, ?, ?, ?, ?)
2026-04-26 23:02:20 [main] DEBUG org.hibernate.SQL - 
    select
        count(e1_0.id) 
    from
        episodes e1_0 
    where
        e1_0.project_id=?
Hibernate: 
    select
        count(e1_0.id) 
    from
        episodes e1_0 
    where
        e1_0.project_id=?
]]></system-out>
  </testcase>
  <testcase name="findByProjectAndStatus_returnsFilteredEpisodes" classname="com.shortdrama.repository.EpisodeRepositoryTest" time="0.007">
    <system-out><![CDATA[2026-04-26 23:02:20 [main] DEBUG org.hibernate.SQL - 
    insert 
    into
        users
        (created_at, display_name, email, last_login_at, password_hash, role, status, updated_at, username, id) 
    values
        (?, ?, ?, ?, ?, ?, ?, ?, ?, ?)
Hibernate: 
    insert 
    into
        users
        (created_at, display_name, email, last_login_at, password_hash, role, status, updated_at, username, id) 
    values
        (?, ?, ?, ?, ?, ?, ?, ?, ?, ?)
2026-04-26 23:02:20 [main] DEBUG org.hibernate.SQL - 
    insert 
    into
        novels
        (author, created_at, description, encoding, file_path, file_size, metadata, status, title, total_chapters, total_words, updated_at, user_id, id) 
    values
        (?, ?, ?, ?, ?, ?, ? format json, ?, ?, ?, ?, ?, ?, ?)
Hibernate: 
    insert 
    into
        novels
        (author, created_at, description, encoding, file_path, file_size, metadata, status, title, total_chapters, total_words, updated_at, user_id, id) 
    values
        (?, ?, ?, ?, ?, ?, ? format json, ?, ?, ?, ?, ?, ?, ?)
2026-04-26 23:02:20 [main] DEBUG org.hibernate.SQL - 
    insert 
    into
        projects
        (created_at, description, name, novel_id, status, target_duration, target_episode_count, type, updated_at, user_id, id) 
    values
        (?, ?, ?, ?, ?, ?, ?, ?, ?, ?, ?)
Hibernate: 
    insert 
    into
        projects
        (created_at, description, name, novel_id, status, target_duration, target_episode_count, type, updated_at, user_id, id) 
    values
        (?, ?, ?, ?, ?, ?, ?, ?, ?, ?, ?)
2026-04-26 23:02:20 [main] DEBUG org.hibernate.SQL - 
    insert 
    into
        chapters
        (chapter_number, content, created_at, end_position, episode_id, novel_id, start_position, title, updated_at, word_count, id) 
    values
        (?, ?, ?, ?, ?, ?, ?, ?, ?, ?, ?)
Hibernate: 
    insert 
    into
        chapters
        (chapter_number, content, created_at, end_position, episode_id, novel_id, start_position, title, updated_at, word_count, id) 
    values
        (?, ?, ?, ?, ?, ?, ?, ?, ?, ?, ?)
2026-04-26 23:02:20 [main] DEBUG org.hibernate.SQL - 
    insert 
    into
        episodes
        (audio_url, chapter_id, completed_at, created_at, description, duration, episode_number, project_id, script_content, status, title, updated_at, video_url, word_count, id) 
    values
        (?, ?, ?, ?, ?, ?, ?, ?, ?, ?, ?, ?, ?, ?, ?)
Hibernate: 
    insert 
    into
        episodes
        (audio_url, chapter_id, completed_at, created_at, description, duration, episode_number, project_id, script_content, status, title, updated_at, video_url, word_count, id) 
    values
        (?, ?, ?, ?, ?, ?, ?, ?, ?, ?, ?, ?, ?, ?, ?)
2026-04-26 23:02:20 [main] DEBUG org.hibernate.SQL - 
    insert 
    into
        episodes
        (audio_url, chapter_id, completed_at, created_at, description, duration, episode_number, project_id, script_content, status, title, updated_at, video_url, word_count, id) 
    values
        (?, ?, ?, ?, ?, ?, ?, ?, ?, ?, ?, ?, ?, ?, ?)
Hibernate: 
    insert 
    into
        episodes
        (audio_url, chapter_id, completed_at, created_at, description, duration, episode_number, project_id, script_content, status, title, updated_at, video_url, word_count, id) 
    values
        (?, ?, ?, ?, ?, ?, ?, ?, ?, ?, ?, ?, ?, ?, ?)
2026-04-26 23:02:20 [main] DEBUG org.hibernate.SQL - 
    select
        e1_0.id,
        e1_0.audio_url,
        e1_0.chapter_id,
        e1_0.completed_at,
        e1_0.created_at,
        e1_0.description,
        e1_0.duration,
        e1_0.episode_number,
        e1_0.project_id,
        e1_0.script_content,
        e1_0.status,
        e1_0.title,
        e1_0.updated_at,
        e1_0.video_url,
        e1_0.word_count 
    from
        episodes e1_0 
    where
        e1_0.project_id=? 
        and e1_0.status=?
Hibernate: 
    select
        e1_0.id,
        e1_0.audio_url,
        e1_0.chapter_id,
        e1_0.completed_at,
        e1_0.created_at,
        e1_0.description,
        e1_0.duration,
        e1_0.episode_number,
        e1_0.project_id,
        e1_0.script_content,
        e1_0.status,
        e1_0.title,
        e1_0.updated_at,
        e1_0.video_url,
        e1_0.word_count 
    from
        episodes e1_0 
    where
        e1_0.project_id=? 
        and e1_0.status=?
]]></system-out>
  </testcase>
  <testcase name="findByChapterId_returnsEpisodes" classname="com.shortdrama.repository.EpisodeRepositoryTest" time="0.006">
    <system-out><![CDATA[2026-04-26 23:02:20 [main] DEBUG org.hibernate.SQL - 
    insert 
    into
        users
        (created_at, display_name, email, last_login_at, password_hash, role, status, updated_at, username, id) 
    values
        (?, ?, ?, ?, ?, ?, ?, ?, ?, ?)
Hibernate: 
    insert 
    into
        users
        (created_at, display_name, email, last_login_at, password_hash, role, status, updated_at, username, id) 
    values
        (?, ?, ?, ?, ?, ?, ?, ?, ?, ?)
2026-04-26 23:02:20 [main] DEBUG org.hibernate.SQL - 
    insert 
    into
        novels
        (author, created_at, description, encoding, file_path, file_size, metadata, status, title, total_chapters, total_words, updated_at, user_id, id) 
    values
        (?, ?, ?, ?, ?, ?, ? format json, ?, ?, ?, ?, ?, ?, ?)
Hibernate: 
    insert 
    into
        novels
        (author, created_at, description, encoding, file_path, file_size, metadata, status, title, total_chapters, total_words, updated_at, user_id, id) 
    values
        (?, ?, ?, ?, ?, ?, ? format json, ?, ?, ?, ?, ?, ?, ?)
2026-04-26 23:02:20 [main] DEBUG org.hibernate.SQL - 
    insert 
    into
        projects
        (created_at, description, name, novel_id, status, target_duration, target_episode_count, type, updated_at, user_id, id) 
    values
        (?, ?, ?, ?, ?, ?, ?, ?, ?, ?, ?)
Hibernate: 
    insert 
    into
        projects
        (created_at, description, name, novel_id, status, target_duration, target_episode_count, type, updated_at, user_id, id) 
    values
        (?, ?, ?, ?, ?, ?, ?, ?, ?, ?, ?)
2026-04-26 23:02:20 [main] DEBUG org.hibernate.SQL - 
    insert 
    into
        chapters
        (chapter_number, content, created_at, end_position, episode_id, novel_id, start_position, title, updated_at, word_count, id) 
    values
        (?, ?, ?, ?, ?, ?, ?, ?, ?, ?, ?)
Hibernate: 
    insert 
    into
        chapters
        (chapter_number, content, created_at, end_position, episode_id, novel_id, start_position, title, updated_at, word_count, id) 
    values
        (?, ?, ?, ?, ?, ?, ?, ?, ?, ?, ?)
2026-04-26 23:02:20 [main] DEBUG org.hibernate.SQL - 
    insert 
    into
        episodes
        (audio_url, chapter_id, completed_at, created_at, description, duration, episode_number, project_id, script_content, status, title, updated_at, video_url, word_count, id) 
    values
        (?, ?, ?, ?, ?, ?, ?, ?, ?, ?, ?, ?, ?, ?, ?)
Hibernate: 
    insert 
    into
        episodes
        (audio_url, chapter_id, completed_at, created_at, description, duration, episode_number, project_id, script_content, status, title, updated_at, video_url, word_count, id) 
    values
        (?, ?, ?, ?, ?, ?, ?, ?, ?, ?, ?, ?, ?, ?, ?)
2026-04-26 23:02:20 [main] DEBUG org.hibernate.SQL - 
    select
        e1_0.id,
        e1_0.audio_url,
        e1_0.chapter_id,
        e1_0.completed_at,
        e1_0.created_at,
        e1_0.description,
        e1_0.duration,
        e1_0.episode_number,
        e1_0.project_id,
        e1_0.script_content,
        e1_0.status,
        e1_0.title,
        e1_0.updated_at,
        e1_0.video_url,
        e1_0.word_count 
    from
        episodes e1_0 
    where
        e1_0.chapter_id=?
Hibernate: 
    select
        e1_0.id,
        e1_0.audio_url,
        e1_0.chapter_id,
        e1_0.completed_at,
        e1_0.created_at,
        e1_0.description,
        e1_0.duration,
        e1_0.episode_number,
        e1_0.project_id,
        e1_0.script_content,
        e1_0.status,
        e1_0.title,
        e1_0.updated_at,
        e1_0.video_url,
        e1_0.word_count 
    from
        episodes e1_0 
    where
        e1_0.chapter_id=?
]]></system-out>
  </testcase>
</testsuite>